2025-11-20T19:38:56.761-05:00  INFO 26860 --- [producto] [main] c.y.ms.producto.ProductoApplication      : Starting ProductoApplication using Java 21.0.8 with PID 26860 (C:\Users\ricar\OneDrive\Desktop\Parcial de Taller de Desarrollo\producto\target\classes started by ricar in C:\Users\ricar\OneDrive\Desktop\Parcial de Taller de Desarrollo)
2025-11-20T19:38:56.767-05:00  INFO 26860 --- [producto] [main] c.y.ms.producto.ProductoApplication      : No active profile set, falling back to 1 default profile: "default"
2025-11-20T19:38:59.736-05:00  INFO 26860 --- [producto] [main] .s.d.r.c.RepositoryConfigurationDelegate : Bootstrapping Spring Data JPA repositories in DEFAULT mode.
2025-11-20T19:38:59.817-05:00  INFO 26860 --- [producto] [main] .s.d.r.c.RepositoryConfigurationDelegate : Finished Spring Data repository scanning in 63 ms. Found 1 JPA repository interface.
2025-11-20T19:39:01.497-05:00  INFO 26860 --- [producto] [main] o.s.b.w.embedded.tomcat.TomcatWebServer  : Tomcat initialized with port 83 (http)
2025-11-20T19:39:01.559-05:00  INFO 26860 --- [producto] [main] o.apache.catalina.core.StandardService   : Starting service [Tomcat]
2025-11-20T19:39:01.561-05:00  INFO 26860 --- [producto] [main] o.apache.catalina.core.StandardEngine    : Starting Servlet engine: [Apache Tomcat/10.1.48]
2025-11-20T19:39:01.707-05:00  INFO 26860 --- [producto] [main] o.a.c.c.C.[Tomcat].[localhost].[/]       : Initializing Spring embedded WebApplicationContext
2025-11-20T19:39:01.708-05:00  INFO 26860 --- [producto] [main] w.s.c.ServletWebServerApplicationContext : Root WebApplicationContext: initialization completed in 4805 ms
2025-11-20T19:39:02.814-05:00  INFO 26860 --- [producto] [main] o.hibernate.jpa.internal.util.LogHelper  : HHH000204: Processing PersistenceUnitInfo [name: default]
2025-11-20T19:39:02.890-05:00  INFO 26860 --- [producto] [main] org.hibernate.Version                    : HHH000412: Hibernate ORM core version 6.6.33.Final
2025-11-20T19:39:02.960-05:00  INFO 26860 --- [producto] [main] o.h.c.internal.RegionFactoryInitiator    : HHH000026: Second-level cache disabled
2025-11-20T19:39:03.538-05:00  INFO 26860 --- [producto] [main] o.s.o.j.p.SpringPersistenceUnitInfo      : No LoadTimeWeaver setup: ignoring JPA class transformer
2025-11-20T19:39:03.577-05:00  INFO 26860 --- [producto] [main] com.zaxxer.hikari.HikariDataSource       : HikariPool-1 - Starting...
2025-11-20T19:39:03.906-05:00  INFO 26860 --- [producto] [main] com.zaxxer.hikari.pool.HikariPool        : HikariPool-1 - Added connection org.postgresql.jdbc.PgConnection@7157413e
2025-11-20T19:39:03.911-05:00  INFO 26860 --- [producto] [main] com.zaxxer.hikari.HikariDataSource       : HikariPool-1 - Start completed.
2025-11-20T19:39:03.963-05:00  WARN 26860 --- [producto] [main] org.hibernate.orm.deprecation            : HHH90000025: PostgreSQLDialect does not need to be specified explicitly using 'hibernate.dialect' (remove the property setting and it will be selected by default)
2025-11-20T19:39:04.070-05:00  INFO 26860 --- [producto] [main] org.hibernate.orm.connections.pooling    : HHH10001005: Database info:
	Database JDBC URL [Connecting through datasource 'HikariDataSource (HikariPool-1)']
	Database driver: undefined/unknown
	Database version: 18.0
	Autocommit mode: undefined/unknown
	Isolation level: undefined/unknown
	Minimum pool size: undefined/unknown
	Maximum pool size: undefined/unknown
2025-11-20T19:39:05.688-05:00  INFO 26860 --- [producto] [main] o.h.e.t.j.p.i.JtaPlatformInitiator       : HHH000489: No JTA platform available (set 'hibernate.transaction.jta.platform' to enable JTA platform integration)
2025-11-20T19:39:05.801-05:00  INFO 26860 --- [producto] [main] j.LocalContainerEntityManagerFactoryBean : Initialized JPA EntityManagerFactory for persistence unit 'default'
2025-11-20T19:39:06.738-05:00  WARN 26860 --- [producto] [main] JpaBaseConfiguration$JpaWebConfiguration : spring.jpa.open-in-view is enabled by default. Therefore, database queries may be performed during view rendering. Explicitly configure spring.jpa.open-in-view to disable this warning
2025-11-20T19:39:06.823-05:00  INFO 26860 --- [producto] [main] o.s.v.b.OptionalValidatorFactoryBean     : Failed to set up a Bean Validation provider: jakarta.validation.NoProviderFoundException: Unable to create a Configuration, because no Jakarta Bean Validation provider could be found. Add a provider like Hibernate Validator (RI) to your classpath.
2025-11-20T19:39:08.137-05:00  INFO 26860 --- [producto] [main] o.s.b.a.e.web.EndpointLinksResolver      : Exposing 1 endpoint beneath base path '/actuator'
2025-11-20T19:39:08.281-05:00  INFO 26860 --- [producto] [main] o.s.b.w.embedded.tomcat.TomcatWebServer  : Tomcat started on port 83 (http) with context path '/'
2025-11-20T19:39:08.314-05:00  INFO 26860 --- [producto] [main] c.y.ms.producto.ProductoApplication      : Started ProductoApplication in 12.372 seconds (process running for 13.301)
2025-11-20T19:39:08.325-05:00  INFO 26860 --- [producto] [main] c.y.ms.producto.ProductoApplication      : ProductoApplication arrancada
2025-11-20T19:39:08.742-05:00  INFO 26860 --- [producto] [RMI TCP Connection(2)-127.0.0.1] o.a.c.c.C.[Tomcat].[localhost].[/]       : Initializing Spring DispatcherServlet 'dispatcherServlet'
2025-11-20T19:39:08.743-05:00  INFO 26860 --- [producto] [RMI TCP Connection(2)-127.0.0.1] o.s.web.servlet.DispatcherServlet        : Initializing Servlet 'dispatcherServlet'
2025-11-20T19:39:08.744-05:00  INFO 26860 --- [producto] [RMI TCP Connection(2)-127.0.0.1] o.s.web.servlet.DispatcherServlet        : Completed initialization in 1 ms
2025-11-20T19:39:09.776-05:00  INFO 26860 --- [producto] [http-nio-83-exec-8] o.springdoc.api.AbstractOpenApiResource  : Init duration for springdoc-openapi is: 294 ms
2025-11-20T19:42:01.755-05:00  INFO 26860 --- [producto] [http-nio-83-exec-5] c.y.m.p.controller.ProductoController    : [ProductoController][GET][LIST] → Solicitando listado completo de productos
2025-11-20T19:42:01.756-05:00  INFO 26860 --- [producto] [http-nio-83-exec-5] c.y.ms.producto.service.ProductoService  : [ProductoService][FINDALL][INICIO] → Obteniendo listado de productos
2025-11-20T19:42:01.929-05:00  INFO 26860 --- [producto] [http-nio-83-exec-5] c.y.ms.producto.service.ProductoService  : [ProductoService][FINDALL][SUCCESS] → Total productos encontrados=1
2025-11-20T19:42:01.929-05:00  INFO 26860 --- [producto] [http-nio-83-exec-5] c.y.m.p.controller.ProductoController    : [ProductoController][GET][LIST][SUCCESS] → Total de productos encontrados: 1
2025-11-20T19:42:20.535-05:00  INFO 26860 --- [producto] [http-nio-83-exec-6] c.y.m.p.controller.ProductoController    : [ProductoController][PUT][UPDATE] → Actualizando producto idProducto=1
2025-11-20T19:42:20.537-05:00  INFO 26860 --- [producto] [http-nio-83-exec-6] c.y.ms.producto.service.ProductoService  : [ProductoService][UPDATE][INICIO] → Actualizando producto idProducto=1
2025-11-20T19:42:20.621-05:00  INFO 26860 --- [producto] [http-nio-83-exec-6] c.y.ms.producto.service.ProductoService  : [ProductoService][UPDATE][SUCCESS] → Producto actualizado idProducto=1
2025-11-20T19:42:20.622-05:00  INFO 26860 --- [producto] [http-nio-83-exec-6] c.y.m.p.controller.ProductoController    : [ProductoController][PUT][UPDATE][SUCCESS] → Producto actualizado idProducto=1
2025-11-20T19:42:26.963-05:00  INFO 26860 --- [producto] [http-nio-83-exec-4] c.y.m.p.controller.ProductoController    : [ProductoController][GET][LIST] → Solicitando listado completo de productos
2025-11-20T19:42:26.964-05:00  INFO 26860 --- [producto] [http-nio-83-exec-4] c.y.ms.producto.service.ProductoService  : [ProductoService][FINDALL][INICIO] → Obteniendo listado de productos
2025-11-20T19:42:26.971-05:00  INFO 26860 --- [producto] [http-nio-83-exec-4] c.y.ms.producto.service.ProductoService  : [ProductoService][FINDALL][SUCCESS] → Total productos encontrados=1
2025-11-20T19:42:26.972-05:00  INFO 26860 --- [producto] [http-nio-83-exec-4] c.y.m.p.controller.ProductoController    : [ProductoController][GET][LIST][SUCCESS] → Total de productos encontrados: 1
