2025-11-20T19:38:50.497-05:00  INFO 11160 --- [usuario] [main] c.yanhua.ms.usuario.UsuarioApplication   : Starting UsuarioApplication using Java 21.0.8 with PID 11160 (C:\Users\ricar\OneDrive\Desktop\Parcial de Taller de Desarrollo\usuario\target\classes started by ricar in C:\Users\ricar\OneDrive\Desktop\Parcial de Taller de Desarrollo)
2025-11-20T19:38:50.499-05:00  INFO 11160 --- [usuario] [main] c.yanhua.ms.usuario.UsuarioApplication   : No active profile set, falling back to 1 default profile: "default"
2025-11-20T19:38:51.201-05:00  INFO 11160 --- [usuario] [main] .s.d.r.c.RepositoryConfigurationDelegate : Bootstrapping Spring Data MongoDB repositories in DEFAULT mode.
2025-11-20T19:38:51.239-05:00  INFO 11160 --- [usuario] [main] .s.d.r.c.RepositoryConfigurationDelegate : Finished Spring Data repository scanning in 32 ms. Found 1 MongoDB repository interface.
2025-11-20T19:38:51.618-05:00  INFO 11160 --- [usuario] [main] o.s.b.w.embedded.tomcat.TomcatWebServer  : Tomcat initialized with port 82 (http)
2025-11-20T19:38:51.627-05:00  INFO 11160 --- [usuario] [main] o.apache.catalina.core.StandardService   : Starting service [Tomcat]
2025-11-20T19:38:51.628-05:00  INFO 11160 --- [usuario] [main] o.apache.catalina.core.StandardEngine    : Starting Servlet engine: [Apache Tomcat/10.1.48]
2025-11-20T19:38:51.666-05:00  INFO 11160 --- [usuario] [main] o.a.c.c.C.[Tomcat].[localhost].[/]       : Initializing Spring embedded WebApplicationContext
2025-11-20T19:38:51.667-05:00  INFO 11160 --- [usuario] [main] w.s.c.ServletWebServerApplicationContext : Root WebApplicationContext: initialization completed in 1136 ms
2025-11-20T19:38:51.841-05:00  INFO 11160 --- [usuario] [main] org.mongodb.driver.client                : MongoClient with metadata {"driver": {"name": "mongo-java-driver|sync|spring-boot", "version": "5.5.2"}, "os": {"type": "Windows", "name": "Windows 11", "architecture": "amd64", "version": "10.0"}, "platform": "Java/Eclipse Adoptium/21.0.8+9-LTS"} created with settings MongoClientSettings{readPreference=primary, writeConcern=WriteConcern{w=null, wTimeout=null ms, journal=null}, retryWrites=true, retryReads=true, readConcern=ReadConcern{level=null}, credential=MongoCredential{mechanism=null, userName='admin', source='admin', password=<hidden>, mechanismProperties=<hidden>}, transportSettings=null, commandListeners=[], codecRegistry=ProvidersCodecRegistry{codecProviders=[ValueCodecProvider{}, BsonValueCodecProvider{}, DBRefCodecProvider{}, DBObjectCodecProvider{}, DocumentCodecProvider{}, CollectionCodecProvider{}, IterableCodecProvider{}, MapCodecProvider{}, GeoJsonCodecProvider{}, GridFSFileCodecProvider{}, Jsr310CodecProvider{}, JsonObjectCodecProvider{}, BsonCodecProvider{}, EnumCodecProvider{}, com.mongodb.client.model.mql.ExpressionCodecProvider@51e754e1, com.mongodb.Jep395RecordCodecProvider@26865482, com.mongodb.KotlinCodecProvider@34451ed8]}, loggerSettings=LoggerSettings{maxDocumentLength=1000}, clusterSettings={hosts=[localhost:27019], srvServiceName=mongodb, mode=SINGLE, requiredClusterType=UNKNOWN, requiredReplicaSetName='null', serverSelector='null', clusterListeners='[]', serverSelectionTimeout='30000 ms', localThreshold='15 ms'}, socketSettings=SocketSettings{connectTimeoutMS=10000, readTimeoutMS=0, receiveBufferSize=0, proxySettings=ProxySettings{host=null, port=null, username=null, password=null}}, heartbeatSocketSettings=SocketSettings{connectTimeoutMS=10000, readTimeoutMS=10000, receiveBufferSize=0, proxySettings=ProxySettings{host=null, port=null, username=null, password=null}}, connectionPoolSettings=ConnectionPoolSettings{maxSize=100, minSize=0, maxWaitTimeMS=120000, maxConnectionLifeTimeMS=0, maxConnectionIdleTimeMS=0, maintenanceInitialDelayMS=0, maintenanceFrequencyMS=60000, connectionPoolListeners=[], maxConnecting=2}, serverSettings=ServerSettings{heartbeatFrequencyMS=10000, minHeartbeatFrequencyMS=500, serverMonitoringMode=AUTO, serverListeners='[]', serverMonitorListeners='[]'}, sslSettings=SslSettings{enabled=false, invalidHostNameAllowed=false, context=null}, applicationName='null', compressorList=[], uuidRepresentation=JAVA_LEGACY, serverApi=null, autoEncryptionSettings=null, dnsClient=null, inetAddressResolver=null, contextProvider=null, timeoutMS=null}
2025-11-20T19:38:51.872-05:00  INFO 11160 --- [usuario] [cluster-ClusterId{value='691fb49b6eb15110722508ab', description='null'}-localhost:27019] org.mongodb.driver.cluster               : Monitor thread successfully connected to server with description ServerDescription{address=localhost:27019, type=STANDALONE, cryptd=false, state=CONNECTED, ok=true, minWireVersion=0, maxWireVersion=27, maxDocumentSize=16777216, logicalSessionTimeoutMinutes=30, roundTripTimeNanos=25933100, minRoundTripTimeNanos=0}
2025-11-20T19:38:52.477-05:00  INFO 11160 --- [usuario] [main] o.s.b.w.embedded.tomcat.TomcatWebServer  : Tomcat started on port 82 (http) with context path '/'
2025-11-20T19:38:52.484-05:00  INFO 11160 --- [usuario] [main] c.yanhua.ms.usuario.UsuarioApplication   : Started UsuarioApplication in 2.351 seconds (process running for 2.599)
2025-11-20T19:39:03.889-05:00  INFO 11160 --- [usuario] [http-nio-82-exec-2] o.a.c.c.C.[Tomcat].[localhost].[/]       : Initializing Spring DispatcherServlet 'dispatcherServlet'
2025-11-20T19:39:03.896-05:00  INFO 11160 --- [usuario] [http-nio-82-exec-2] o.s.web.servlet.DispatcherServlet        : Initializing Servlet 'dispatcherServlet'
2025-11-20T19:39:03.911-05:00  INFO 11160 --- [usuario] [http-nio-82-exec-2] o.s.web.servlet.DispatcherServlet        : Completed initialization in 4 ms
2025-11-20T19:39:04.899-05:00  INFO 11160 --- [usuario] [http-nio-82-exec-9] o.springdoc.api.AbstractOpenApiResource  : Init duration for springdoc-openapi is: 572 ms
2025-11-20T19:41:22.192-05:00  INFO 11160 --- [usuario] [http-nio-82-exec-6] c.y.m.u.controller.UsuarioController     : [UsuarioController][GET][LIST] → Solicitando listado completo de usuarios
2025-11-20T19:41:22.193-05:00  INFO 11160 --- [usuario] [http-nio-82-exec-6] c.y.ms.usuario.service.UsuarioService    : [UsuarioService][FIND_ALL] → Obteniendo todos los usuarios
2025-11-20T19:41:22.501-05:00  INFO 11160 --- [usuario] [http-nio-82-exec-6] c.y.ms.usuario.service.UsuarioService    : [UsuarioService][FIND_ALL][SUCCESS] → Total de usuarios: 3
2025-11-20T19:41:22.503-05:00  INFO 11160 --- [usuario] [http-nio-82-exec-6] c.y.m.u.controller.UsuarioController     : [UsuarioController][GET][LIST][SUCCESS] → Total de usuarios encontrados: 3
2025-11-20T19:41:34.535-05:00  INFO 11160 --- [usuario] [http-nio-82-exec-5] c.y.m.u.controller.UsuarioController     : [UsuarioController][POST][LOGIN] → Login solicitado para: string
2025-11-20T19:41:34.536-05:00  INFO 11160 --- [usuario] [http-nio-82-exec-5] c.y.ms.usuario.service.UsuarioService    : [UsuarioService][LOGIN] → Intento de login para nombre: string
2025-11-20T19:41:34.558-05:00  WARN 11160 --- [usuario] [http-nio-82-exec-5] c.y.m.u.e.GlobalExceptionHandler         : [GlobalExceptionHandler][handleUnauthorized][WARN] → Acceso no autorizado en /api/usuario/login: Acceso incorrecto
2025-11-20T19:41:48.058-05:00  INFO 11160 --- [usuario] [http-nio-82-exec-8] c.y.m.u.controller.UsuarioController     : [UsuarioController][POST][LOGIN] → Login solicitado para: admin
2025-11-20T19:41:48.060-05:00  INFO 11160 --- [usuario] [http-nio-82-exec-8] c.y.ms.usuario.service.UsuarioService    : [UsuarioService][LOGIN] → Intento de login para nombre: admin
2025-11-20T19:41:48.072-05:00  INFO 11160 --- [usuario] [http-nio-82-exec-8] c.y.ms.usuario.service.UsuarioService    : [UsuarioService][LOGIN][SUCCESS] → Usuario autenticado: admin
2025-11-20T19:45:48.915-05:00  INFO 11160 --- [usuario] [http-nio-82-exec-9] c.y.m.u.controller.UsuarioController     : [UsuarioController][GET][LIST] → Solicitando listado completo de usuarios
2025-11-20T19:45:48.917-05:00  INFO 11160 --- [usuario] [http-nio-82-exec-9] c.y.ms.usuario.service.UsuarioService    : [UsuarioService][FIND_ALL] → Obteniendo todos los usuarios
2025-11-20T19:45:48.921-05:00  INFO 11160 --- [usuario] [http-nio-82-exec-9] c.y.ms.usuario.service.UsuarioService    : [UsuarioService][FIND_ALL][SUCCESS] → Total de usuarios: 3
2025-11-20T19:45:48.922-05:00  INFO 11160 --- [usuario] [http-nio-82-exec-9] c.y.m.u.controller.UsuarioController     : [UsuarioController][GET][LIST][SUCCESS] → Total de usuarios encontrados: 3
2025-11-20T19:45:59.331-05:00  INFO 11160 --- [usuario] [http-nio-82-exec-2] c.y.m.u.controller.UsuarioController     : [UsuarioController][POST][LOGIN] → Login solicitado para: Admin
2025-11-20T19:45:59.331-05:00  INFO 11160 --- [usuario] [http-nio-82-exec-2] c.y.ms.usuario.service.UsuarioService    : [UsuarioService][LOGIN] → Intento de login para nombre: Admin
2025-11-20T19:45:59.336-05:00  WARN 11160 --- [usuario] [http-nio-82-exec-2] c.y.m.u.e.GlobalExceptionHandler         : [GlobalExceptionHandler][handleUnauthorized][WARN] → Acceso no autorizado en /api/usuario/login: Acceso incorrecto
2025-11-20T19:51:40.506-05:00  INFO 11160 --- [usuario] [http-nio-82-exec-3] c.y.m.u.controller.UsuarioController     : [UsuarioController][GET][LIST] → Solicitando listado completo de usuarios
2025-11-20T19:51:40.507-05:00  INFO 11160 --- [usuario] [http-nio-82-exec-3] c.y.ms.usuario.service.UsuarioService    : [UsuarioService][FIND_ALL] → Obteniendo todos los usuarios
2025-11-20T19:51:40.512-05:00  INFO 11160 --- [usuario] [http-nio-82-exec-3] c.y.ms.usuario.service.UsuarioService    : [UsuarioService][FIND_ALL][SUCCESS] → Total de usuarios: 3
2025-11-20T19:51:40.513-05:00  INFO 11160 --- [usuario] [http-nio-82-exec-3] c.y.m.u.controller.UsuarioController     : [UsuarioController][GET][LIST][SUCCESS] → Total de usuarios encontrados: 3
2025-11-20T20:49:13.683-05:00  INFO 11160 --- [usuario] [http-nio-82-exec-4] c.y.m.u.controller.UsuarioController     : [UsuarioController][GET][LIST] → Solicitando listado completo de usuarios
2025-11-20T20:49:13.687-05:00  INFO 11160 --- [usuario] [http-nio-82-exec-4] c.y.ms.usuario.service.UsuarioService    : [UsuarioService][FIND_ALL] → Obteniendo todos los usuarios
2025-11-20T20:49:13.707-05:00  INFO 11160 --- [usuario] [http-nio-82-exec-4] c.y.ms.usuario.service.UsuarioService    : [UsuarioService][FIND_ALL][SUCCESS] → Total de usuarios: 3
2025-11-20T20:49:13.707-05:00  INFO 11160 --- [usuario] [http-nio-82-exec-4] c.y.m.u.controller.UsuarioController     : [UsuarioController][GET][LIST][SUCCESS] → Total de usuarios encontrados: 3
