2025-11-20T19:20:05.156-05:00  INFO 11544 --- [operacion] [main] c.y.ms.operacion.OperacionApplication    : Starting OperacionApplication using Java 21.0.8 with PID 11544 (C:\Users\ricar\OneDrive\Desktop\Parcial de Taller de Desarrollo\operacion\target\classes started by ricar in C:\Users\ricar\OneDrive\Desktop\Parcial de Taller de Desarrollo)
2025-11-20T19:20:05.159-05:00  INFO 11544 --- [operacion] [main] c.y.ms.operacion.OperacionApplication    : No active profile set, falling back to 1 default profile: "default"
2025-11-20T19:20:06.494-05:00  INFO 11544 --- [operacion] [main] .s.d.r.c.RepositoryConfigurationDelegate : Bootstrapping Spring Data JPA repositories in DEFAULT mode.
2025-11-20T19:20:06.549-05:00  INFO 11544 --- [operacion] [main] .s.d.r.c.RepositoryConfigurationDelegate : Finished Spring Data repository scanning in 42 ms. Found 1 JPA repository interface.
2025-11-20T19:20:07.267-05:00  INFO 11544 --- [operacion] [main] o.s.b.w.embedded.tomcat.TomcatWebServer  : Tomcat initialized with port 87 (http)
2025-11-20T19:20:07.289-05:00  INFO 11544 --- [operacion] [main] o.apache.catalina.core.StandardService   : Starting service [Tomcat]
2025-11-20T19:20:07.290-05:00  INFO 11544 --- [operacion] [main] o.apache.catalina.core.StandardEngine    : Starting Servlet engine: [Apache Tomcat/10.1.48]
2025-11-20T19:20:07.394-05:00  INFO 11544 --- [operacion] [main] o.a.c.c.C.[Tomcat].[localhost].[/]       : Initializing Spring embedded WebApplicationContext
2025-11-20T19:20:07.395-05:00  INFO 11544 --- [operacion] [main] w.s.c.ServletWebServerApplicationContext : Root WebApplicationContext: initialization completed in 2167 ms
2025-11-20T19:20:07.984-05:00  INFO 11544 --- [operacion] [main] o.hibernate.jpa.internal.util.LogHelper  : HHH000204: Processing PersistenceUnitInfo [name: default]
2025-11-20T19:20:08.090-05:00  INFO 11544 --- [operacion] [main] org.hibernate.Version                    : HHH000412: Hibernate ORM core version 6.6.33.Final
2025-11-20T19:20:08.129-05:00  INFO 11544 --- [operacion] [main] o.h.c.internal.RegionFactoryInitiator    : HHH000026: Second-level cache disabled
2025-11-20T19:20:08.419-05:00  INFO 11544 --- [operacion] [main] o.s.o.j.p.SpringPersistenceUnitInfo      : No LoadTimeWeaver setup: ignoring JPA class transformer
2025-11-20T19:20:08.444-05:00  INFO 11544 --- [operacion] [main] com.zaxxer.hikari.HikariDataSource       : HikariPool-1 - Starting...
2025-11-20T19:20:08.756-05:00  INFO 11544 --- [operacion] [main] com.zaxxer.hikari.pool.HikariPool        : HikariPool-1 - Added connection com.mysql.cj.jdbc.ConnectionImpl@6ca367aa
2025-11-20T19:20:08.758-05:00  INFO 11544 --- [operacion] [main] com.zaxxer.hikari.HikariDataSource       : HikariPool-1 - Start completed.
2025-11-20T19:20:08.800-05:00  WARN 11544 --- [operacion] [main] org.hibernate.orm.deprecation            : HHH90000025: MySQL8Dialect does not need to be specified explicitly using 'hibernate.dialect' (remove the property setting and it will be selected by default)
2025-11-20T19:20:08.801-05:00  WARN 11544 --- [operacion] [main] org.hibernate.orm.deprecation            : HHH90000026: MySQL8Dialect has been deprecated; use org.hibernate.dialect.MySQLDialect instead
2025-11-20T19:20:08.813-05:00  INFO 11544 --- [operacion] [main] org.hibernate.orm.connections.pooling    : HHH10001005: Database info:
	Database JDBC URL [Connecting through datasource 'HikariDataSource (HikariPool-1)']
	Database driver: undefined/unknown
	Database version: 8.0
	Autocommit mode: undefined/unknown
	Isolation level: undefined/unknown
	Minimum pool size: undefined/unknown
	Maximum pool size: undefined/unknown
2025-11-20T19:20:09.437-05:00  INFO 11544 --- [operacion] [main] o.h.e.t.j.p.i.JtaPlatformInitiator       : HHH000489: No JTA platform available (set 'hibernate.transaction.jta.platform' to enable JTA platform integration)
2025-11-20T19:20:09.504-05:00  INFO 11544 --- [operacion] [main] j.LocalContainerEntityManagerFactoryBean : Initialized JPA EntityManagerFactory for persistence unit 'default'
2025-11-20T19:20:09.820-05:00  WARN 11544 --- [operacion] [main] JpaBaseConfiguration$JpaWebConfiguration : spring.jpa.open-in-view is enabled by default. Therefore, database queries may be performed during view rendering. Explicitly configure spring.jpa.open-in-view to disable this warning
2025-11-20T19:20:09.866-05:00  INFO 11544 --- [operacion] [main] o.s.v.b.OptionalValidatorFactoryBean     : Failed to set up a Bean Validation provider: jakarta.validation.NoProviderFoundException: Unable to create a Configuration, because no Jakarta Bean Validation provider could be found. Add a provider like Hibernate Validator (RI) to your classpath.
2025-11-20T19:20:10.442-05:00  INFO 11544 --- [operacion] [main] o.s.b.a.e.web.EndpointLinksResolver      : Exposing 1 endpoint beneath base path '/actuator'
2025-11-20T19:20:10.499-05:00  INFO 11544 --- [operacion] [main] o.s.b.w.embedded.tomcat.TomcatWebServer  : Tomcat started on port 87 (http) with context path '/'
2025-11-20T19:20:10.509-05:00  INFO 11544 --- [operacion] [main] c.y.ms.operacion.OperacionApplication    : Started OperacionApplication in 5.918 seconds (process running for 6.493)
2025-11-20T19:20:10.897-05:00  INFO 11544 --- [operacion] [RMI TCP Connection(2)-127.0.0.1] o.a.c.c.C.[Tomcat].[localhost].[/]       : Initializing Spring DispatcherServlet 'dispatcherServlet'
2025-11-20T19:20:10.898-05:00  INFO 11544 --- [operacion] [RMI TCP Connection(2)-127.0.0.1] o.s.web.servlet.DispatcherServlet        : Initializing Servlet 'dispatcherServlet'
2025-11-20T19:20:10.898-05:00  INFO 11544 --- [operacion] [RMI TCP Connection(2)-127.0.0.1] o.s.web.servlet.DispatcherServlet        : Completed initialization in 0 ms
2025-11-20T19:20:45.747-05:00  INFO 33540 --- [operacion] [main] c.y.ms.operacion.OperacionApplication    : Starting OperacionApplication using Java 21.0.8 with PID 33540 (C:\Users\ricar\OneDrive\Desktop\Parcial de Taller de Desarrollo\operacion\target\classes started by ricar in C:\Users\ricar\OneDrive\Desktop\Parcial de Taller de Desarrollo)
2025-11-20T19:20:45.753-05:00  INFO 33540 --- [operacion] [main] c.y.ms.operacion.OperacionApplication    : No active profile set, falling back to 1 default profile: "default"
2025-11-20T19:20:46.947-05:00  INFO 33540 --- [operacion] [main] .s.d.r.c.RepositoryConfigurationDelegate : Bootstrapping Spring Data JPA repositories in DEFAULT mode.
2025-11-20T19:20:46.989-05:00  INFO 33540 --- [operacion] [main] .s.d.r.c.RepositoryConfigurationDelegate : Finished Spring Data repository scanning in 33 ms. Found 1 JPA repository interface.
2025-11-20T19:20:47.689-05:00  INFO 33540 --- [operacion] [main] o.s.b.w.embedded.tomcat.TomcatWebServer  : Tomcat initialized with port 81 (http)
2025-11-20T19:20:47.705-05:00  INFO 33540 --- [operacion] [main] o.apache.catalina.core.StandardService   : Starting service [Tomcat]
2025-11-20T19:20:47.706-05:00  INFO 33540 --- [operacion] [main] o.apache.catalina.core.StandardEngine    : Starting Servlet engine: [Apache Tomcat/10.1.48]
2025-11-20T19:20:47.786-05:00  INFO 33540 --- [operacion] [main] o.a.c.c.C.[Tomcat].[localhost].[/]       : Initializing Spring embedded WebApplicationContext
2025-11-20T19:20:47.787-05:00  INFO 33540 --- [operacion] [main] w.s.c.ServletWebServerApplicationContext : Root WebApplicationContext: initialization completed in 1973 ms
2025-11-20T19:20:48.109-05:00  INFO 33540 --- [operacion] [main] o.hibernate.jpa.internal.util.LogHelper  : HHH000204: Processing PersistenceUnitInfo [name: default]
2025-11-20T19:20:48.150-05:00  INFO 33540 --- [operacion] [main] org.hibernate.Version                    : HHH000412: Hibernate ORM core version 6.6.33.Final
2025-11-20T19:20:48.174-05:00  INFO 33540 --- [operacion] [main] o.h.c.internal.RegionFactoryInitiator    : HHH000026: Second-level cache disabled
2025-11-20T19:20:48.502-05:00  INFO 33540 --- [operacion] [main] o.s.o.j.p.SpringPersistenceUnitInfo      : No LoadTimeWeaver setup: ignoring JPA class transformer
2025-11-20T19:20:48.547-05:00  INFO 33540 --- [operacion] [main] com.zaxxer.hikari.HikariDataSource       : HikariPool-1 - Starting...
2025-11-20T19:20:48.822-05:00  INFO 33540 --- [operacion] [main] com.zaxxer.hikari.pool.HikariPool        : HikariPool-1 - Added connection com.mysql.cj.jdbc.ConnectionImpl@4fbc516f
2025-11-20T19:20:48.824-05:00  INFO 33540 --- [operacion] [main] com.zaxxer.hikari.HikariDataSource       : HikariPool-1 - Start completed.
2025-11-20T19:20:48.860-05:00  WARN 33540 --- [operacion] [main] org.hibernate.orm.deprecation            : HHH90000025: MySQL8Dialect does not need to be specified explicitly using 'hibernate.dialect' (remove the property setting and it will be selected by default)
2025-11-20T19:20:48.861-05:00  WARN 33540 --- [operacion] [main] org.hibernate.orm.deprecation            : HHH90000026: MySQL8Dialect has been deprecated; use org.hibernate.dialect.MySQLDialect instead
2025-11-20T19:20:48.873-05:00  INFO 33540 --- [operacion] [main] org.hibernate.orm.connections.pooling    : HHH10001005: Database info:
	Database JDBC URL [Connecting through datasource 'HikariDataSource (HikariPool-1)']
	Database driver: undefined/unknown
	Database version: 8.0
	Autocommit mode: undefined/unknown
	Isolation level: undefined/unknown
	Minimum pool size: undefined/unknown
	Maximum pool size: undefined/unknown
2025-11-20T19:20:49.412-05:00  INFO 33540 --- [operacion] [main] o.h.e.t.j.p.i.JtaPlatformInitiator       : HHH000489: No JTA platform available (set 'hibernate.transaction.jta.platform' to enable JTA platform integration)
2025-11-20T19:20:49.459-05:00  INFO 33540 --- [operacion] [main] j.LocalContainerEntityManagerFactoryBean : Initialized JPA EntityManagerFactory for persistence unit 'default'
2025-11-20T19:20:50.026-05:00  WARN 33540 --- [operacion] [main] JpaBaseConfiguration$JpaWebConfiguration : spring.jpa.open-in-view is enabled by default. Therefore, database queries may be performed during view rendering. Explicitly configure spring.jpa.open-in-view to disable this warning
2025-11-20T19:20:50.069-05:00  INFO 33540 --- [operacion] [main] o.s.v.b.OptionalValidatorFactoryBean     : Failed to set up a Bean Validation provider: jakarta.validation.NoProviderFoundException: Unable to create a Configuration, because no Jakarta Bean Validation provider could be found. Add a provider like Hibernate Validator (RI) to your classpath.
2025-11-20T19:20:50.735-05:00  INFO 33540 --- [operacion] [main] o.s.b.a.e.web.EndpointLinksResolver      : Exposing 1 endpoint beneath base path '/actuator'
2025-11-20T19:20:50.793-05:00  INFO 33540 --- [operacion] [main] o.s.b.w.embedded.tomcat.TomcatWebServer  : Tomcat started on port 81 (http) with context path '/'
2025-11-20T19:20:50.804-05:00  INFO 33540 --- [operacion] [main] c.y.ms.operacion.OperacionApplication    : Started OperacionApplication in 5.6 seconds (process running for 6.062)
2025-11-20T19:20:51.520-05:00  INFO 33540 --- [operacion] [RMI TCP Connection(3)-127.0.0.1] o.a.c.c.C.[Tomcat].[localhost].[/]       : Initializing Spring DispatcherServlet 'dispatcherServlet'
2025-11-20T19:20:51.521-05:00  INFO 33540 --- [operacion] [RMI TCP Connection(3)-127.0.0.1] o.s.web.servlet.DispatcherServlet        : Initializing Servlet 'dispatcherServlet'
2025-11-20T19:20:51.522-05:00  INFO 33540 --- [operacion] [RMI TCP Connection(3)-127.0.0.1] o.s.web.servlet.DispatcherServlet        : Completed initialization in 1 ms
2025-11-20T19:20:56.087-05:00  INFO 33540 --- [operacion] [http-nio-81-exec-8] o.springdoc.api.AbstractOpenApiResource  : Init duration for springdoc-openapi is: 392 ms
2025-11-20T19:40:08.741-05:00  INFO 33540 --- [operacion] [http-nio-81-exec-5] c.y.m.o.controller.OperacionController   : Solicitud de listado de operaciones
2025-11-20T19:40:08.744-05:00  INFO 33540 --- [operacion] [http-nio-81-exec-5] c.y.m.o.service.OperacionService         : [OperacionService][LISTAR][INICIO] → Obteniendo listado de operaciones
2025-11-20T19:40:09.222-05:00  INFO 33540 --- [operacion] [http-nio-81-exec-5] c.y.m.o.service.OperacionService         : [OperacionService][LISTAR][SUCCESS] → Total operaciones encontradas=3
2025-11-20T19:40:19.363-05:00  INFO 33540 --- [operacion] [http-nio-81-exec-6] c.y.m.o.controller.OperacionController   : Inicio registro de operación: idCliente=0, tipo=string, total=0.0
2025-11-20T19:40:19.364-05:00  INFO 33540 --- [operacion] [http-nio-81-exec-6] c.y.m.o.service.OperacionService         : [OperacionService][REGISTRAR][INICIO] → Guardando operación idCliente=0, tipo=string, total=0.0
2025-11-20T19:40:19.424-05:00  INFO 33540 --- [operacion] [http-nio-81-exec-6] c.y.m.o.service.OperacionService         : [OperacionService][REGISTRAR][SUCCESS] → Operación guardada con id_operacion=4
2025-11-20T19:40:45.090-05:00  INFO 33540 --- [operacion] [http-nio-81-exec-2] c.y.m.o.controller.OperacionController   : Inicio registro de operación: idCliente=7862, tipo=string, total=700.0
2025-11-20T19:40:45.091-05:00  INFO 33540 --- [operacion] [http-nio-81-exec-2] c.y.m.o.service.OperacionService         : [OperacionService][REGISTRAR][INICIO] → Guardando operación idCliente=7862, tipo=string, total=700.0
2025-11-20T19:40:45.108-05:00  INFO 33540 --- [operacion] [http-nio-81-exec-2] c.y.m.o.service.OperacionService         : [OperacionService][REGISTRAR][SUCCESS] → Operación guardada con id_operacion=5
2025-11-20T19:40:49.525-05:00  INFO 33540 --- [operacion] [http-nio-81-exec-4] c.y.m.o.controller.OperacionController   : Solicitud de listado de operaciones
2025-11-20T19:40:49.525-05:00  INFO 33540 --- [operacion] [http-nio-81-exec-4] c.y.m.o.service.OperacionService         : [OperacionService][LISTAR][INICIO] → Obteniendo listado de operaciones
2025-11-20T19:40:49.537-05:00  INFO 33540 --- [operacion] [http-nio-81-exec-4] c.y.m.o.service.OperacionService         : [OperacionService][LISTAR][SUCCESS] → Total operaciones encontradas=5
2025-11-20T19:41:04.906-05:00  INFO 33540 --- [operacion] [http-nio-81-exec-8] c.y.m.o.controller.OperacionController   : Inicio registro de operación: idCliente=7862, tipo=string, total=700.0
2025-11-20T19:41:04.907-05:00  INFO 33540 --- [operacion] [http-nio-81-exec-8] c.y.m.o.service.OperacionService         : [OperacionService][REGISTRAR][INICIO] → Guardando operación idCliente=7862, tipo=string, total=700.0
2025-11-20T19:41:04.919-05:00  INFO 33540 --- [operacion] [http-nio-81-exec-8] c.y.m.o.service.OperacionService         : [OperacionService][REGISTRAR][SUCCESS] → Operación guardada con id_operacion=6
2025-11-20T19:41:06.887-05:00  INFO 33540 --- [operacion] [http-nio-81-exec-9] c.y.m.o.controller.OperacionController   : Solicitud de listado de operaciones
2025-11-20T19:41:06.888-05:00  INFO 33540 --- [operacion] [http-nio-81-exec-9] c.y.m.o.service.OperacionService         : [OperacionService][LISTAR][INICIO] → Obteniendo listado de operaciones
2025-11-20T19:41:06.901-05:00  INFO 33540 --- [operacion] [http-nio-81-exec-9] c.y.m.o.service.OperacionService         : [OperacionService][LISTAR][SUCCESS] → Total operaciones encontradas=6
2025-11-20T20:19:35.431-05:00  INFO 26236 --- [operacion] [main] c.y.ms.operacion.OperacionApplication    : Starting OperacionApplication using Java 21.0.8 with PID 26236 (C:\Users\ricar\OneDrive\Desktop\Parcial de Taller de Desarrollo\operacion\target\classes started by ricar in C:\Users\ricar\OneDrive\Desktop\Parcial de Taller de Desarrollo)
2025-11-20T20:19:35.434-05:00  INFO 26236 --- [operacion] [main] c.y.ms.operacion.OperacionApplication    : No active profile set, falling back to 1 default profile: "default"
2025-11-20T20:19:36.385-05:00  INFO 26236 --- [operacion] [main] .s.d.r.c.RepositoryConfigurationDelegate : Bootstrapping Spring Data JPA repositories in DEFAULT mode.
2025-11-20T20:19:36.426-05:00  INFO 26236 --- [operacion] [main] .s.d.r.c.RepositoryConfigurationDelegate : Finished Spring Data repository scanning in 33 ms. Found 1 JPA repository interface.
2025-11-20T20:19:36.940-05:00  INFO 26236 --- [operacion] [main] o.s.b.w.embedded.tomcat.TomcatWebServer  : Tomcat initialized with port 81 (http)
2025-11-20T20:19:36.952-05:00  INFO 26236 --- [operacion] [main] o.apache.catalina.core.StandardService   : Starting service [Tomcat]
2025-11-20T20:19:36.952-05:00  INFO 26236 --- [operacion] [main] o.apache.catalina.core.StandardEngine    : Starting Servlet engine: [Apache Tomcat/10.1.48]
2025-11-20T20:19:37.024-05:00  INFO 26236 --- [operacion] [main] o.a.c.c.C.[Tomcat].[localhost].[/]       : Initializing Spring embedded WebApplicationContext
2025-11-20T20:19:37.025-05:00  INFO 26236 --- [operacion] [main] w.s.c.ServletWebServerApplicationContext : Root WebApplicationContext: initialization completed in 1544 ms
2025-11-20T20:19:37.381-05:00  INFO 26236 --- [operacion] [main] o.hibernate.jpa.internal.util.LogHelper  : HHH000204: Processing PersistenceUnitInfo [name: default]
2025-11-20T20:19:37.431-05:00  INFO 26236 --- [operacion] [main] org.hibernate.Version                    : HHH000412: Hibernate ORM core version 6.6.33.Final
2025-11-20T20:19:37.460-05:00  INFO 26236 --- [operacion] [main] o.h.c.internal.RegionFactoryInitiator    : HHH000026: Second-level cache disabled
2025-11-20T20:19:37.669-05:00  INFO 26236 --- [operacion] [main] o.s.o.j.p.SpringPersistenceUnitInfo      : No LoadTimeWeaver setup: ignoring JPA class transformer
2025-11-20T20:19:37.688-05:00  INFO 26236 --- [operacion] [main] com.zaxxer.hikari.HikariDataSource       : HikariPool-1 - Starting...
2025-11-20T20:19:37.936-05:00  INFO 26236 --- [operacion] [main] com.zaxxer.hikari.pool.HikariPool        : HikariPool-1 - Added connection com.mysql.cj.jdbc.ConnectionImpl@3855b27e
2025-11-20T20:19:37.938-05:00  INFO 26236 --- [operacion] [main] com.zaxxer.hikari.HikariDataSource       : HikariPool-1 - Start completed.
2025-11-20T20:19:37.977-05:00  WARN 26236 --- [operacion] [main] org.hibernate.orm.deprecation            : HHH90000025: MySQL8Dialect does not need to be specified explicitly using 'hibernate.dialect' (remove the property setting and it will be selected by default)
2025-11-20T20:19:37.978-05:00  WARN 26236 --- [operacion] [main] org.hibernate.orm.deprecation            : HHH90000026: MySQL8Dialect has been deprecated; use org.hibernate.dialect.MySQLDialect instead
2025-11-20T20:19:37.995-05:00  INFO 26236 --- [operacion] [main] org.hibernate.orm.connections.pooling    : HHH10001005: Database info:
	Database JDBC URL [Connecting through datasource 'HikariDataSource (HikariPool-1)']
	Database driver: undefined/unknown
	Database version: 8.0
	Autocommit mode: undefined/unknown
	Isolation level: undefined/unknown
	Minimum pool size: undefined/unknown
	Maximum pool size: undefined/unknown
2025-11-20T20:19:38.562-05:00  INFO 26236 --- [operacion] [main] o.h.e.t.j.p.i.JtaPlatformInitiator       : HHH000489: No JTA platform available (set 'hibernate.transaction.jta.platform' to enable JTA platform integration)
2025-11-20T20:19:38.649-05:00  INFO 26236 --- [operacion] [main] j.LocalContainerEntityManagerFactoryBean : Initialized JPA EntityManagerFactory for persistence unit 'default'
2025-11-20T20:19:38.915-05:00  WARN 26236 --- [operacion] [main] JpaBaseConfiguration$JpaWebConfiguration : spring.jpa.open-in-view is enabled by default. Therefore, database queries may be performed during view rendering. Explicitly configure spring.jpa.open-in-view to disable this warning
2025-11-20T20:19:38.952-05:00  INFO 26236 --- [operacion] [main] o.s.v.b.OptionalValidatorFactoryBean     : Failed to set up a Bean Validation provider: jakarta.validation.NoProviderFoundException: Unable to create a Configuration, because no Jakarta Bean Validation provider could be found. Add a provider like Hibernate Validator (RI) to your classpath.
2025-11-20T20:19:39.405-05:00  INFO 26236 --- [operacion] [main] o.s.b.a.e.web.EndpointLinksResolver      : Exposing 1 endpoint beneath base path '/actuator'
2025-11-20T20:19:39.464-05:00  INFO 26236 --- [operacion] [main] o.s.b.w.embedded.tomcat.TomcatWebServer  : Tomcat started on port 81 (http) with context path '/'
2025-11-20T20:19:39.474-05:00  INFO 26236 --- [operacion] [main] c.y.ms.operacion.OperacionApplication    : Started OperacionApplication in 4.469 seconds (process running for 4.864)
2025-11-20T20:19:41.342-05:00  INFO 26236 --- [operacion] [RMI TCP Connection(2)-127.0.0.1] o.a.c.c.C.[Tomcat].[localhost].[/]       : Initializing Spring DispatcherServlet 'dispatcherServlet'
2025-11-20T20:19:41.342-05:00  INFO 26236 --- [operacion] [RMI TCP Connection(2)-127.0.0.1] o.s.web.servlet.DispatcherServlet        : Initializing Servlet 'dispatcherServlet'
2025-11-20T20:19:41.343-05:00  INFO 26236 --- [operacion] [RMI TCP Connection(2)-127.0.0.1] o.s.web.servlet.DispatcherServlet        : Completed initialization in 1 ms
2025-11-20T20:19:46.423-05:00  INFO 26236 --- [operacion] [http-nio-81-exec-5] o.springdoc.api.AbstractOpenApiResource  : Init duration for springdoc-openapi is: 250 ms
2025-11-20T20:19:52.037-05:00  INFO 26236 --- [operacion] [http-nio-81-exec-6] c.y.m.o.controller.OperacionController   : Solicitud de listado de operaciones
2025-11-20T20:19:52.038-05:00  INFO 26236 --- [operacion] [http-nio-81-exec-6] c.y.m.o.service.OperacionService         : [OperacionService][LISTAR][INICIO] → Obteniendo listado de operaciones
2025-11-20T20:19:52.212-05:00  INFO 26236 --- [operacion] [http-nio-81-exec-6] c.y.m.o.service.OperacionService         : [OperacionService][LISTAR][SUCCESS] → Total operaciones encontradas=6
2025-11-20T20:20:07.713-05:00  INFO 26236 --- [operacion] [http-nio-81-exec-7] c.y.m.o.controller.OperacionController   : Solicitud de registro de operación para el cliente ID: 0
2025-11-20T20:20:07.714-05:00  INFO 26236 --- [operacion] [http-nio-81-exec-7] c.y.m.o.service.OperacionService         : [OperacionService][REGISTRAR][INICIO] → Guardando operación idCliente=0, tipo=string, total=0.0
2025-11-20T20:20:07.771-05:00  INFO 26236 --- [operacion] [http-nio-81-exec-7] c.y.m.o.service.OperacionService         : [OperacionService][REGISTRAR][SUCCESS] → Operación guardada con id_operacion=7
