2025-11-12T20:26:18.737-05:00  INFO 26172 --- [main] polyglot.ms.test.pay.PayApplication      : Starting PayApplication using Java 21.0.7 with PID 26172 (C:\Users\ricar\OneDrive\Desktop\Taller de Desarrollo - Projects\TDUNU\Pay\target\classes started by ricar in C:\Users\ricar\OneDrive\Desktop\Taller de Desarrollo - Projects\TDUNU)
2025-11-12T20:26:18.739-05:00  INFO 26172 --- [main] polyglot.ms.test.pay.PayApplication      : No active profile set, falling back to 1 default profile: "default"
2025-11-12T20:26:19.589-05:00  INFO 26172 --- [main] .s.d.r.c.RepositoryConfigurationDelegate : Bootstrapping Spring Data JPA repositories in DEFAULT mode.
2025-11-12T20:26:19.621-05:00  INFO 26172 --- [main] .s.d.r.c.RepositoryConfigurationDelegate : Finished Spring Data repository scanning in 28 ms. Found 1 JPA repository interfaces.
2025-11-12T20:26:20.192-05:00  INFO 26172 --- [main] o.s.b.w.embedded.tomcat.TomcatWebServer  : Tomcat initialized with port(s): 83 (http)
2025-11-12T20:26:20.199-05:00  INFO 26172 --- [main] o.apache.catalina.core.StandardService   : Starting service [Tomcat]
2025-11-12T20:26:20.199-05:00  INFO 26172 --- [main] o.apache.catalina.core.StandardEngine    : Starting Servlet engine: [Apache Tomcat/10.1.13]
2025-11-12T20:26:20.273-05:00  INFO 26172 --- [main] o.a.c.c.C.[Tomcat].[localhost].[/]       : Initializing Spring embedded WebApplicationContext
2025-11-12T20:26:20.274-05:00  INFO 26172 --- [main] w.s.c.ServletWebServerApplicationContext : Root WebApplicationContext: initialization completed in 1495 ms
2025-11-12T20:26:20.486-05:00  INFO 26172 --- [main] com.zaxxer.hikari.HikariDataSource       : HikariPool-1 - Starting...
2025-11-12T20:26:20.828-05:00  INFO 26172 --- [main] com.zaxxer.hikari.pool.HikariPool        : HikariPool-1 - Added connection com.mysql.cj.jdbc.ConnectionImpl@33a47707
2025-11-12T20:26:20.830-05:00  INFO 26172 --- [main] com.zaxxer.hikari.HikariDataSource       : HikariPool-1 - Start completed.
2025-11-12T20:26:20.862-05:00  INFO 26172 --- [main] o.hibernate.jpa.internal.util.LogHelper  : HHH000204: Processing PersistenceUnitInfo [name: default]
2025-11-12T20:26:20.904-05:00  INFO 26172 --- [main] org.hibernate.Version                    : HHH000412: Hibernate ORM core version 6.2.9.Final
2025-11-12T20:26:20.906-05:00  INFO 26172 --- [main] org.hibernate.cfg.Environment            : HHH000406: Using bytecode reflection optimizer
2025-11-12T20:26:21.028-05:00  INFO 26172 --- [main] o.h.b.i.BytecodeProviderInitiator        : HHH000021: Bytecode provider name : bytebuddy
2025-11-12T20:26:21.140-05:00  INFO 26172 --- [main] o.s.o.j.p.SpringPersistenceUnitInfo      : No LoadTimeWeaver setup: ignoring JPA class transformer
2025-11-12T20:26:21.293-05:00  INFO 26172 --- [main] o.h.b.i.BytecodeProviderInitiator        : HHH000021: Bytecode provider name : bytebuddy
2025-11-12T20:26:21.704-05:00  INFO 26172 --- [main] o.h.e.t.j.p.i.JtaPlatformInitiator       : HHH000490: Using JtaPlatform implementation: [org.hibernate.engine.transaction.jta.platform.internal.NoJtaPlatform]
2025-11-12T20:26:21.707-05:00  INFO 26172 --- [main] j.LocalContainerEntityManagerFactoryBean : Initialized JPA EntityManagerFactory for persistence unit 'default'
2025-11-12T20:26:22.002-05:00  WARN 26172 --- [main] JpaBaseConfiguration$JpaWebConfiguration : spring.jpa.open-in-view is enabled by default. Therefore, database queries may be performed during view rendering. Explicitly configure spring.jpa.open-in-view to disable this warning
2025-11-12T20:26:22.606-05:00  INFO 26172 --- [main] o.s.b.a.e.web.EndpointLinksResolver      : Exposing 1 endpoint(s) beneath base path '/actuator'
2025-11-12T20:26:22.657-05:00  INFO 26172 --- [main] o.s.b.w.embedded.tomcat.TomcatWebServer  : Tomcat started on port(s): 83 (http) with context path ''
2025-11-12T20:26:22.666-05:00  INFO 26172 --- [main] polyglot.ms.test.pay.PayApplication      : Started PayApplication in 4.273 seconds (process running for 4.685)
2025-11-12T20:26:24.946-05:00  INFO 26172 --- [RMI TCP Connection(2)-127.0.0.1] o.a.c.c.C.[Tomcat].[localhost].[/]       : Initializing Spring DispatcherServlet 'dispatcherServlet'
2025-11-12T20:26:24.947-05:00  INFO 26172 --- [RMI TCP Connection(2)-127.0.0.1] o.s.web.servlet.DispatcherServlet        : Initializing Servlet 'dispatcherServlet'
2025-11-12T20:26:24.950-05:00  INFO 26172 --- [RMI TCP Connection(2)-127.0.0.1] o.s.web.servlet.DispatcherServlet        : Completed initialization in 1 ms
2025-11-12T20:26:44.241-05:00  INFO 26172 --- [http-nio-83-exec-9] o.springdoc.api.AbstractOpenApiResource  : Init duration for springdoc-openapi is: 462 ms
2025-11-12T20:28:56.671-05:00  INFO 20844 --- [main] polyglot.ms.test.pay.PayApplication      : Starting PayApplication using Java 21.0.7 with PID 20844 (C:\Users\ricar\OneDrive\Desktop\Taller de Desarrollo - Projects\TDUNU\Pay\target\classes started by ricar in C:\Users\ricar\OneDrive\Desktop\Taller de Desarrollo - Projects\TDUNU)
2025-11-12T20:28:56.672-05:00  INFO 20844 --- [main] polyglot.ms.test.pay.PayApplication      : No active profile set, falling back to 1 default profile: "default"
2025-11-12T20:28:57.509-05:00  INFO 20844 --- [main] .s.d.r.c.RepositoryConfigurationDelegate : Bootstrapping Spring Data JPA repositories in DEFAULT mode.
2025-11-12T20:28:57.541-05:00  INFO 20844 --- [main] .s.d.r.c.RepositoryConfigurationDelegate : Finished Spring Data repository scanning in 28 ms. Found 1 JPA repository interfaces.
2025-11-12T20:28:58.111-05:00  INFO 20844 --- [main] o.s.b.w.embedded.tomcat.TomcatWebServer  : Tomcat initialized with port(s): 83 (http)
2025-11-12T20:28:58.119-05:00  INFO 20844 --- [main] o.apache.catalina.core.StandardService   : Starting service [Tomcat]
2025-11-12T20:28:58.120-05:00  INFO 20844 --- [main] o.apache.catalina.core.StandardEngine    : Starting Servlet engine: [Apache Tomcat/10.1.13]
2025-11-12T20:28:58.203-05:00  INFO 20844 --- [main] o.a.c.c.C.[Tomcat].[localhost].[/]       : Initializing Spring embedded WebApplicationContext
2025-11-12T20:28:58.204-05:00  INFO 20844 --- [main] w.s.c.ServletWebServerApplicationContext : Root WebApplicationContext: initialization completed in 1492 ms
2025-11-12T20:28:58.424-05:00  INFO 20844 --- [main] o.hibernate.jpa.internal.util.LogHelper  : HHH000204: Processing PersistenceUnitInfo [name: default]
2025-11-12T20:28:58.459-05:00  INFO 20844 --- [main] org.hibernate.Version                    : HHH000412: Hibernate ORM core version 6.2.9.Final
2025-11-12T20:28:58.461-05:00  INFO 20844 --- [main] org.hibernate.cfg.Environment            : HHH000406: Using bytecode reflection optimizer
2025-11-12T20:28:58.548-05:00  INFO 20844 --- [main] o.h.b.i.BytecodeProviderInitiator        : HHH000021: Bytecode provider name : bytebuddy
2025-11-12T20:28:58.651-05:00  INFO 20844 --- [main] o.s.o.j.p.SpringPersistenceUnitInfo      : No LoadTimeWeaver setup: ignoring JPA class transformer
2025-11-12T20:28:58.663-05:00  INFO 20844 --- [main] com.zaxxer.hikari.HikariDataSource       : HikariPool-1 - Starting...
2025-11-12T20:28:58.916-05:00  INFO 20844 --- [main] com.zaxxer.hikari.pool.HikariPool        : HikariPool-1 - Added connection com.mysql.cj.jdbc.ConnectionImpl@684b26b7
2025-11-12T20:28:58.918-05:00  INFO 20844 --- [main] com.zaxxer.hikari.HikariDataSource       : HikariPool-1 - Start completed.
2025-11-12T20:28:58.950-05:00  WARN 20844 --- [main] org.hibernate.orm.deprecation            : HHH90000026: MySQL8Dialect has been deprecated; use org.hibernate.dialect.MySQLDialect instead
2025-11-12T20:28:59.071-05:00  INFO 20844 --- [main] o.h.b.i.BytecodeProviderInitiator        : HHH000021: Bytecode provider name : bytebuddy
2025-11-12T20:28:59.436-05:00  INFO 20844 --- [main] o.h.e.t.j.p.i.JtaPlatformInitiator       : HHH000490: Using JtaPlatform implementation: [org.hibernate.engine.transaction.jta.platform.internal.NoJtaPlatform]
2025-11-12T20:28:59.517-05:00  INFO 20844 --- [main] j.LocalContainerEntityManagerFactoryBean : Initialized JPA EntityManagerFactory for persistence unit 'default'
2025-11-12T20:28:59.862-05:00  WARN 20844 --- [main] JpaBaseConfiguration$JpaWebConfiguration : spring.jpa.open-in-view is enabled by default. Therefore, database queries may be performed during view rendering. Explicitly configure spring.jpa.open-in-view to disable this warning
2025-11-12T20:29:00.468-05:00  INFO 20844 --- [main] o.s.b.a.e.web.EndpointLinksResolver      : Exposing 1 endpoint(s) beneath base path '/actuator'
2025-11-12T20:29:00.544-05:00  INFO 20844 --- [main] o.s.b.w.embedded.tomcat.TomcatWebServer  : Tomcat started on port(s): 83 (http) with context path ''
2025-11-12T20:29:00.552-05:00  INFO 20844 --- [main] polyglot.ms.test.pay.PayApplication      : Started PayApplication in 4.244 seconds (process running for 4.663)
2025-11-12T20:29:02.824-05:00  INFO 20844 --- [RMI TCP Connection(2)-127.0.0.1] o.a.c.c.C.[Tomcat].[localhost].[/]       : Initializing Spring DispatcherServlet 'dispatcherServlet'
2025-11-12T20:29:02.824-05:00  INFO 20844 --- [RMI TCP Connection(2)-127.0.0.1] o.s.web.servlet.DispatcherServlet        : Initializing Servlet 'dispatcherServlet'
2025-11-12T20:29:02.826-05:00  INFO 20844 --- [RMI TCP Connection(2)-127.0.0.1] o.s.web.servlet.DispatcherServlet        : Completed initialization in 2 ms
2025-11-12T20:29:54.285-05:00  INFO 26684 --- [main] polyglot.ms.test.pay.PayApplication      : Starting PayApplication using Java 21.0.7 with PID 26684 (C:\Users\ricar\OneDrive\Desktop\Taller de Desarrollo - Projects\TDUNU\Pay\target\classes started by ricar in C:\Users\ricar\OneDrive\Desktop\Taller de Desarrollo - Projects\TDUNU)
2025-11-12T20:29:54.287-05:00  INFO 26684 --- [main] polyglot.ms.test.pay.PayApplication      : No active profile set, falling back to 1 default profile: "default"
2025-11-12T20:29:55.133-05:00  INFO 26684 --- [main] .s.d.r.c.RepositoryConfigurationDelegate : Bootstrapping Spring Data JPA repositories in DEFAULT mode.
2025-11-12T20:29:55.167-05:00  INFO 26684 --- [main] .s.d.r.c.RepositoryConfigurationDelegate : Finished Spring Data repository scanning in 28 ms. Found 1 JPA repository interfaces.
2025-11-12T20:29:55.737-05:00  INFO 26684 --- [main] o.s.b.w.embedded.tomcat.TomcatWebServer  : Tomcat initialized with port(s): 83 (http)
2025-11-12T20:29:55.746-05:00  INFO 26684 --- [main] o.apache.catalina.core.StandardService   : Starting service [Tomcat]
2025-11-12T20:29:55.746-05:00  INFO 26684 --- [main] o.apache.catalina.core.StandardEngine    : Starting Servlet engine: [Apache Tomcat/10.1.13]
2025-11-12T20:29:55.824-05:00  INFO 26684 --- [main] o.a.c.c.C.[Tomcat].[localhost].[/]       : Initializing Spring embedded WebApplicationContext
2025-11-12T20:29:55.824-05:00  INFO 26684 --- [main] w.s.c.ServletWebServerApplicationContext : Root WebApplicationContext: initialization completed in 1492 ms
2025-11-12T20:29:56.046-05:00  INFO 26684 --- [main] o.hibernate.jpa.internal.util.LogHelper  : HHH000204: Processing PersistenceUnitInfo [name: default]
2025-11-12T20:29:56.086-05:00  INFO 26684 --- [main] org.hibernate.Version                    : HHH000412: Hibernate ORM core version 6.2.9.Final
2025-11-12T20:29:56.088-05:00  INFO 26684 --- [main] org.hibernate.cfg.Environment            : HHH000406: Using bytecode reflection optimizer
2025-11-12T20:29:56.182-05:00  INFO 26684 --- [main] o.h.b.i.BytecodeProviderInitiator        : HHH000021: Bytecode provider name : bytebuddy
2025-11-12T20:29:56.274-05:00  INFO 26684 --- [main] o.s.o.j.p.SpringPersistenceUnitInfo      : No LoadTimeWeaver setup: ignoring JPA class transformer
2025-11-12T20:29:56.285-05:00  INFO 26684 --- [main] com.zaxxer.hikari.HikariDataSource       : HikariPool-1 - Starting...
2025-11-12T20:29:56.532-05:00  INFO 26684 --- [main] com.zaxxer.hikari.pool.HikariPool        : HikariPool-1 - Added connection com.mysql.cj.jdbc.ConnectionImpl@2cc34cd5
2025-11-12T20:29:56.534-05:00  INFO 26684 --- [main] com.zaxxer.hikari.HikariDataSource       : HikariPool-1 - Start completed.
2025-11-12T20:29:56.569-05:00  WARN 26684 --- [main] org.hibernate.orm.deprecation            : HHH90000026: MySQL8Dialect has been deprecated; use org.hibernate.dialect.MySQLDialect instead
2025-11-12T20:29:56.676-05:00  INFO 26684 --- [main] o.h.b.i.BytecodeProviderInitiator        : HHH000021: Bytecode provider name : bytebuddy
2025-11-12T20:29:57.041-05:00  INFO 26684 --- [main] o.h.e.t.j.p.i.JtaPlatformInitiator       : HHH000490: Using JtaPlatform implementation: [org.hibernate.engine.transaction.jta.platform.internal.NoJtaPlatform]
2025-11-12T20:29:57.098-05:00  INFO 26684 --- [main] j.LocalContainerEntityManagerFactoryBean : Initialized JPA EntityManagerFactory for persistence unit 'default'
2025-11-12T20:29:57.425-05:00  WARN 26684 --- [main] JpaBaseConfiguration$JpaWebConfiguration : spring.jpa.open-in-view is enabled by default. Therefore, database queries may be performed during view rendering. Explicitly configure spring.jpa.open-in-view to disable this warning
2025-11-12T20:29:58.123-05:00  INFO 26684 --- [main] o.s.b.a.e.web.EndpointLinksResolver      : Exposing 1 endpoint(s) beneath base path '/actuator'
2025-11-12T20:29:58.181-05:00  INFO 26684 --- [main] o.s.b.w.embedded.tomcat.TomcatWebServer  : Tomcat started on port(s): 83 (http) with context path ''
2025-11-12T20:29:58.190-05:00  INFO 26684 --- [main] polyglot.ms.test.pay.PayApplication      : Started PayApplication in 4.259 seconds (process running for 4.671)
2025-11-12T20:30:00.511-05:00  INFO 26684 --- [RMI TCP Connection(2)-127.0.0.1] o.a.c.c.C.[Tomcat].[localhost].[/]       : Initializing Spring DispatcherServlet 'dispatcherServlet'
2025-11-12T20:30:00.511-05:00  INFO 26684 --- [RMI TCP Connection(2)-127.0.0.1] o.s.web.servlet.DispatcherServlet        : Initializing Servlet 'dispatcherServlet'
2025-11-12T20:30:00.513-05:00  INFO 26684 --- [RMI TCP Connection(2)-127.0.0.1] o.s.web.servlet.DispatcherServlet        : Completed initialization in 1 ms
2025-11-12T20:58:14.880-05:00  INFO 5112 --- [main] polyglot.ms.test.pay.PayApplication      : Starting PayApplication using Java 21.0.7 with PID 5112 (C:\Users\ricar\OneDrive\Desktop\Taller de Desarrollo - Projects\TDUNU\Pay\target\classes started by ricar in C:\Users\ricar\OneDrive\Desktop\Taller de Desarrollo - Projects\TDUNU)
2025-11-12T20:58:14.881-05:00  INFO 5112 --- [main] polyglot.ms.test.pay.PayApplication      : No active profile set, falling back to 1 default profile: "default"
2025-11-12T20:58:15.734-05:00  INFO 5112 --- [main] .s.d.r.c.RepositoryConfigurationDelegate : Bootstrapping Spring Data JPA repositories in DEFAULT mode.
2025-11-12T20:58:15.766-05:00  INFO 5112 --- [main] .s.d.r.c.RepositoryConfigurationDelegate : Finished Spring Data repository scanning in 26 ms. Found 1 JPA repository interfaces.
2025-11-12T20:58:16.337-05:00  INFO 5112 --- [main] o.s.b.w.embedded.tomcat.TomcatWebServer  : Tomcat initialized with port(s): 83 (http)
2025-11-12T20:58:16.343-05:00  INFO 5112 --- [main] o.apache.catalina.core.StandardService   : Starting service [Tomcat]
2025-11-12T20:58:16.343-05:00  INFO 5112 --- [main] o.apache.catalina.core.StandardEngine    : Starting Servlet engine: [Apache Tomcat/10.1.13]
2025-11-12T20:58:16.422-05:00  INFO 5112 --- [main] o.a.c.c.C.[Tomcat].[localhost].[/]       : Initializing Spring embedded WebApplicationContext
2025-11-12T20:58:16.422-05:00  INFO 5112 --- [main] w.s.c.ServletWebServerApplicationContext : Root WebApplicationContext: initialization completed in 1501 ms
2025-11-12T20:58:16.640-05:00  INFO 5112 --- [main] o.hibernate.jpa.internal.util.LogHelper  : HHH000204: Processing PersistenceUnitInfo [name: default]
2025-11-12T20:58:16.674-05:00  INFO 5112 --- [main] org.hibernate.Version                    : HHH000412: Hibernate ORM core version 6.2.9.Final
2025-11-12T20:58:16.675-05:00  INFO 5112 --- [main] org.hibernate.cfg.Environment            : HHH000406: Using bytecode reflection optimizer
2025-11-12T20:58:16.763-05:00  INFO 5112 --- [main] o.h.b.i.BytecodeProviderInitiator        : HHH000021: Bytecode provider name : bytebuddy
2025-11-12T20:58:16.856-05:00  INFO 5112 --- [main] o.s.o.j.p.SpringPersistenceUnitInfo      : No LoadTimeWeaver setup: ignoring JPA class transformer
2025-11-12T20:58:16.867-05:00  INFO 5112 --- [main] com.zaxxer.hikari.HikariDataSource       : HikariPool-1 - Starting...
2025-11-12T20:58:17.128-05:00  INFO 5112 --- [main] com.zaxxer.hikari.pool.HikariPool        : HikariPool-1 - Added connection com.mysql.cj.jdbc.ConnectionImpl@2cc34cd5
2025-11-12T20:58:17.129-05:00  INFO 5112 --- [main] com.zaxxer.hikari.HikariDataSource       : HikariPool-1 - Start completed.
2025-11-12T20:58:17.163-05:00  WARN 5112 --- [main] org.hibernate.orm.deprecation            : HHH90000026: MySQL8Dialect has been deprecated; use org.hibernate.dialect.MySQLDialect instead
2025-11-12T20:58:17.279-05:00  INFO 5112 --- [main] o.h.b.i.BytecodeProviderInitiator        : HHH000021: Bytecode provider name : bytebuddy
2025-11-12T20:58:17.659-05:00  INFO 5112 --- [main] o.h.e.t.j.p.i.JtaPlatformInitiator       : HHH000490: Using JtaPlatform implementation: [org.hibernate.engine.transaction.jta.platform.internal.NoJtaPlatform]
2025-11-12T20:58:17.717-05:00  INFO 5112 --- [main] j.LocalContainerEntityManagerFactoryBean : Initialized JPA EntityManagerFactory for persistence unit 'default'
2025-11-12T20:58:18.104-05:00  WARN 5112 --- [main] JpaBaseConfiguration$JpaWebConfiguration : spring.jpa.open-in-view is enabled by default. Therefore, database queries may be performed during view rendering. Explicitly configure spring.jpa.open-in-view to disable this warning
2025-11-12T20:58:18.681-05:00  INFO 5112 --- [main] o.s.b.a.e.web.EndpointLinksResolver      : Exposing 1 endpoint(s) beneath base path '/actuator'
2025-11-12T20:58:18.739-05:00  WARN 5112 --- [main] ConfigServletWebServerApplicationContext : Exception encountered during context initialization - cancelling refresh attempt: org.springframework.context.ApplicationContextException: Failed to start bean 'webServerStartStop'
2025-11-12T20:58:18.741-05:00  INFO 5112 --- [main] j.LocalContainerEntityManagerFactoryBean : Closing JPA EntityManagerFactory for persistence unit 'default'
2025-11-12T20:58:18.745-05:00  INFO 5112 --- [main] com.zaxxer.hikari.HikariDataSource       : HikariPool-1 - Shutdown initiated...
2025-11-12T20:58:18.756-05:00  INFO 5112 --- [main] com.zaxxer.hikari.HikariDataSource       : HikariPool-1 - Shutdown completed.
2025-11-12T20:58:18.758-05:00  INFO 5112 --- [main] o.apache.catalina.core.StandardService   : Stopping service [Tomcat]
2025-11-12T20:58:18.773-05:00  INFO 5112 --- [main] .s.b.a.l.ConditionEvaluationReportLogger : 

Error starting ApplicationContext. To display the condition evaluation report re-run your application with 'debug' enabled.
2025-11-12T20:58:18.789-05:00 ERROR 5112 --- [main] o.s.b.d.LoggingFailureAnalysisReporter   : 

***************************
APPLICATION FAILED TO START
***************************

Description:

Web server failed to start. Port 83 was already in use.

Action:

Identify and stop the process that's listening on port 83 or configure this application to listen on another port.

2025-11-12T20:58:32.997-05:00  INFO 27208 --- [main] polyglot.ms.test.pay.PayApplication      : Starting PayApplication using Java 21.0.7 with PID 27208 (C:\Users\ricar\OneDrive\Desktop\Taller de Desarrollo - Projects\TDUNU\Pay\target\classes started by ricar in C:\Users\ricar\OneDrive\Desktop\Taller de Desarrollo - Projects\TDUNU)
2025-11-12T20:58:32.999-05:00  INFO 27208 --- [main] polyglot.ms.test.pay.PayApplication      : No active profile set, falling back to 1 default profile: "default"
2025-11-12T20:58:33.877-05:00  INFO 27208 --- [main] .s.d.r.c.RepositoryConfigurationDelegate : Bootstrapping Spring Data JPA repositories in DEFAULT mode.
2025-11-12T20:58:33.908-05:00  INFO 27208 --- [main] .s.d.r.c.RepositoryConfigurationDelegate : Finished Spring Data repository scanning in 28 ms. Found 1 JPA repository interfaces.
2025-11-12T20:58:34.455-05:00  INFO 27208 --- [main] o.s.b.w.embedded.tomcat.TomcatWebServer  : Tomcat initialized with port(s): 83 (http)
2025-11-12T20:58:34.462-05:00  INFO 27208 --- [main] o.apache.catalina.core.StandardService   : Starting service [Tomcat]
2025-11-12T20:58:34.463-05:00  INFO 27208 --- [main] o.apache.catalina.core.StandardEngine    : Starting Servlet engine: [Apache Tomcat/10.1.13]
2025-11-12T20:58:34.536-05:00  INFO 27208 --- [main] o.a.c.c.C.[Tomcat].[localhost].[/]       : Initializing Spring embedded WebApplicationContext
2025-11-12T20:58:34.536-05:00  INFO 27208 --- [main] w.s.c.ServletWebServerApplicationContext : Root WebApplicationContext: initialization completed in 1496 ms
2025-11-12T20:58:34.774-05:00  INFO 27208 --- [main] o.hibernate.jpa.internal.util.LogHelper  : HHH000204: Processing PersistenceUnitInfo [name: default]
2025-11-12T20:58:34.815-05:00  INFO 27208 --- [main] org.hibernate.Version                    : HHH000412: Hibernate ORM core version 6.2.9.Final
2025-11-12T20:58:34.816-05:00  INFO 27208 --- [main] org.hibernate.cfg.Environment            : HHH000406: Using bytecode reflection optimizer
2025-11-12T20:58:34.913-05:00  INFO 27208 --- [main] o.h.b.i.BytecodeProviderInitiator        : HHH000021: Bytecode provider name : bytebuddy
2025-11-12T20:58:35.007-05:00  INFO 27208 --- [main] o.s.o.j.p.SpringPersistenceUnitInfo      : No LoadTimeWeaver setup: ignoring JPA class transformer
2025-11-12T20:58:35.018-05:00  INFO 27208 --- [main] com.zaxxer.hikari.HikariDataSource       : HikariPool-1 - Starting...
2025-11-12T20:58:35.257-05:00  INFO 27208 --- [main] com.zaxxer.hikari.pool.HikariPool        : HikariPool-1 - Added connection com.mysql.cj.jdbc.ConnectionImpl@684b26b7
2025-11-12T20:58:35.259-05:00  INFO 27208 --- [main] com.zaxxer.hikari.HikariDataSource       : HikariPool-1 - Start completed.
2025-11-12T20:58:35.293-05:00  WARN 27208 --- [main] org.hibernate.orm.deprecation            : HHH90000026: MySQL8Dialect has been deprecated; use org.hibernate.dialect.MySQLDialect instead
2025-11-12T20:58:35.412-05:00  INFO 27208 --- [main] o.h.b.i.BytecodeProviderInitiator        : HHH000021: Bytecode provider name : bytebuddy
2025-11-12T20:58:35.778-05:00  INFO 27208 --- [main] o.h.e.t.j.p.i.JtaPlatformInitiator       : HHH000490: Using JtaPlatform implementation: [org.hibernate.engine.transaction.jta.platform.internal.NoJtaPlatform]
2025-11-12T20:58:35.809-05:00  INFO 27208 --- [main] j.LocalContainerEntityManagerFactoryBean : Initialized JPA EntityManagerFactory for persistence unit 'default'
2025-11-12T20:58:36.171-05:00  WARN 27208 --- [main] JpaBaseConfiguration$JpaWebConfiguration : spring.jpa.open-in-view is enabled by default. Therefore, database queries may be performed during view rendering. Explicitly configure spring.jpa.open-in-view to disable this warning
2025-11-12T20:58:36.820-05:00  INFO 27208 --- [main] o.s.b.a.e.web.EndpointLinksResolver      : Exposing 1 endpoint(s) beneath base path '/actuator'
2025-11-12T20:58:36.885-05:00  INFO 27208 --- [main] o.s.b.w.embedded.tomcat.TomcatWebServer  : Tomcat started on port(s): 83 (http) with context path ''
2025-11-12T20:58:36.893-05:00  INFO 27208 --- [main] polyglot.ms.test.pay.PayApplication      : Started PayApplication in 4.251 seconds (process running for 4.644)
2025-11-12T20:58:39.162-05:00  INFO 27208 --- [RMI TCP Connection(2)-127.0.0.1] o.a.c.c.C.[Tomcat].[localhost].[/]       : Initializing Spring DispatcherServlet 'dispatcherServlet'
2025-11-12T20:58:39.163-05:00  INFO 27208 --- [RMI TCP Connection(2)-127.0.0.1] o.s.web.servlet.DispatcherServlet        : Initializing Servlet 'dispatcherServlet'
2025-11-12T20:58:39.165-05:00  INFO 27208 --- [RMI TCP Connection(2)-127.0.0.1] o.s.web.servlet.DispatcherServlet        : Completed initialization in 2 ms
2025-11-12T21:00:07.746-05:00  INFO 24384 --- [main] polyglot.ms.test.pay.PayApplication      : Starting PayApplication using Java 21.0.7 with PID 24384 (C:\Users\ricar\OneDrive\Desktop\Taller de Desarrollo - Projects\TDUNU\Pay\target\classes started by ricar in C:\Users\ricar\OneDrive\Desktop\Taller de Desarrollo - Projects\TDUNU)
2025-11-12T21:00:07.747-05:00  INFO 24384 --- [main] polyglot.ms.test.pay.PayApplication      : No active profile set, falling back to 1 default profile: "default"
2025-11-12T21:00:08.629-05:00  INFO 24384 --- [main] .s.d.r.c.RepositoryConfigurationDelegate : Bootstrapping Spring Data JPA repositories in DEFAULT mode.
2025-11-12T21:00:08.660-05:00  INFO 24384 --- [main] .s.d.r.c.RepositoryConfigurationDelegate : Finished Spring Data repository scanning in 26 ms. Found 1 JPA repository interfaces.
2025-11-12T21:00:09.234-05:00  INFO 24384 --- [main] o.s.b.w.embedded.tomcat.TomcatWebServer  : Tomcat initialized with port(s): 83 (http)
2025-11-12T21:00:09.240-05:00  INFO 24384 --- [main] o.apache.catalina.core.StandardService   : Starting service [Tomcat]
2025-11-12T21:00:09.240-05:00  INFO 24384 --- [main] o.apache.catalina.core.StandardEngine    : Starting Servlet engine: [Apache Tomcat/10.1.13]
2025-11-12T21:00:09.318-05:00  INFO 24384 --- [main] o.a.c.c.C.[Tomcat].[localhost].[/]       : Initializing Spring embedded WebApplicationContext
2025-11-12T21:00:09.318-05:00  INFO 24384 --- [main] w.s.c.ServletWebServerApplicationContext : Root WebApplicationContext: initialization completed in 1526 ms
2025-11-12T21:00:09.568-05:00  INFO 24384 --- [main] o.hibernate.jpa.internal.util.LogHelper  : HHH000204: Processing PersistenceUnitInfo [name: default]
2025-11-12T21:00:09.626-05:00  INFO 24384 --- [main] org.hibernate.Version                    : HHH000412: Hibernate ORM core version 6.2.9.Final
2025-11-12T21:00:09.628-05:00  INFO 24384 --- [main] org.hibernate.cfg.Environment            : HHH000406: Using bytecode reflection optimizer
2025-11-12T21:00:09.727-05:00  INFO 24384 --- [main] o.h.b.i.BytecodeProviderInitiator        : HHH000021: Bytecode provider name : bytebuddy
2025-11-12T21:00:09.817-05:00  INFO 24384 --- [main] o.s.o.j.p.SpringPersistenceUnitInfo      : No LoadTimeWeaver setup: ignoring JPA class transformer
2025-11-12T21:00:09.828-05:00  INFO 24384 --- [main] com.zaxxer.hikari.HikariDataSource       : HikariPool-1 - Starting...
2025-11-12T21:00:10.061-05:00  INFO 24384 --- [main] com.zaxxer.hikari.pool.HikariPool        : HikariPool-1 - Added connection com.mysql.cj.jdbc.ConnectionImpl@34a33343
2025-11-12T21:00:10.062-05:00  INFO 24384 --- [main] com.zaxxer.hikari.HikariDataSource       : HikariPool-1 - Start completed.
2025-11-12T21:00:10.097-05:00  WARN 24384 --- [main] org.hibernate.orm.deprecation            : HHH90000026: MySQL8Dialect has been deprecated; use org.hibernate.dialect.MySQLDialect instead
2025-11-12T21:00:10.208-05:00  INFO 24384 --- [main] o.h.b.i.BytecodeProviderInitiator        : HHH000021: Bytecode provider name : bytebuddy
2025-11-12T21:00:10.570-05:00  INFO 24384 --- [main] o.h.e.t.j.p.i.JtaPlatformInitiator       : HHH000490: Using JtaPlatform implementation: [org.hibernate.engine.transaction.jta.platform.internal.NoJtaPlatform]
2025-11-12T21:00:10.605-05:00  INFO 24384 --- [main] j.LocalContainerEntityManagerFactoryBean : Initialized JPA EntityManagerFactory for persistence unit 'default'
2025-11-12T21:00:10.959-05:00  WARN 24384 --- [main] JpaBaseConfiguration$JpaWebConfiguration : spring.jpa.open-in-view is enabled by default. Therefore, database queries may be performed during view rendering. Explicitly configure spring.jpa.open-in-view to disable this warning
2025-11-12T21:00:11.631-05:00  INFO 24384 --- [main] o.s.b.a.e.web.EndpointLinksResolver      : Exposing 1 endpoint(s) beneath base path '/actuator'
2025-11-12T21:00:11.686-05:00  INFO 24384 --- [main] o.s.b.w.embedded.tomcat.TomcatWebServer  : Tomcat started on port(s): 83 (http) with context path ''
2025-11-12T21:00:11.696-05:00  INFO 24384 --- [main] polyglot.ms.test.pay.PayApplication      : Started PayApplication in 4.312 seconds (process running for 4.727)
2025-11-12T21:00:13.903-05:00  INFO 24384 --- [RMI TCP Connection(2)-127.0.0.1] o.a.c.c.C.[Tomcat].[localhost].[/]       : Initializing Spring DispatcherServlet 'dispatcherServlet'
2025-11-12T21:00:13.907-05:00  INFO 24384 --- [RMI TCP Connection(2)-127.0.0.1] o.s.web.servlet.DispatcherServlet        : Initializing Servlet 'dispatcherServlet'
2025-11-12T21:00:13.911-05:00  INFO 24384 --- [RMI TCP Connection(2)-127.0.0.1] o.s.web.servlet.DispatcherServlet        : Completed initialization in 2 ms
